<?xml version="1.0" encoding="UTF-8"?>
<testsuite name="com.bridgelabz.MoodAnalyseTest" tests="1" skipped="0" failures="0" errors="0" timestamp="2021-08-31T08:01:58" hostname="LAPTOP-NGQU5TVV" time="0.022">
  <properties/>
  <testcase name="given_AnyMood_Should_Return_HAPPY()" classname="com.bridgelabz.MoodAnalyseTest" time="0.022"/>
  <system-out><![CDATA[]]></system-out>
  <system-err><![CDATA[]]></system-err>
</testsuite>
