<?xml version="1.0" encoding="UTF-8"?>
<testsuite name="com.bridgelabz.MoodAnalyseTest" tests="1" skipped="0" failures="0" errors="0" timestamp="2021-08-31T09:05:42" hostname="LAPTOP-NGQU5TVV" time="0.023">
  <properties/>
  <testcase name="givenMessage_SadMood_Should_Return_Sad()" classname="com.bridgelabz.MoodAnalyseTest" time="0.023"/>
  <system-out><![CDATA[]]></system-out>
  <system-err><![CDATA[]]></system-err>
</testsuite>
