<?xml version="1.0" encoding="UTF-8"?>
<testsuite name="com.bridgelabz.MoodAnalyseTest" tests="1" skipped="0" failures="0" errors="0" timestamp="2021-08-31T10:14:47" hostname="LAPTOP-NGQU5TVV" time="0.03">
  <properties/>
  <testcase name="given_NullMood_Should_Throw_MoodAnalysisException()" classname="com.bridgelabz.MoodAnalyseTest" time="0.03"/>
  <system-out><![CDATA[]]></system-out>
  <system-err><![CDATA[]]></system-err>
</testsuite>
